2026-07-01 23:38:45,519 | INFO | เริ่มต้นโปรแกรม
2026-07-01 23:38:45,519 | INFO | กำลังโหลดข้อมูล BTC-USD
2026-07-01 23:38:46,386 | INFO | โหลดสำเร็จ (1827 แถว)
2026-07-01 23:38:46,409 | INFO | 💾 บันทึกข้อมูล -> data/20260701_233846.csv
2026-07-01 23:38:46,409 | INFO | โหลดข้อมูลสำเร็จ 1827 แถว
2026-07-02 08:26:20,238 | INFO | เริ่มต้นโปรแกรม
2026-07-02 08:26:20,239 | INFO | กำลังโหลดข้อมูล BTC-USD
2026-07-02 08:26:21,426 | INFO | โหลดสำเร็จ (1826 แถว)
2026-07-02 08:26:21,439 | INFO | 💾 บันทึกข้อมูล -> data/20260702_082621.csv
2026-07-02 08:30:47,907 | INFO | เริ่มต้นโปรแกรม
2026-07-02 08:30:47,907 | INFO | กำลังโหลดข้อมูล BTC-USD
2026-07-02 08:30:48,670 | INFO | โหลดสำเร็จ (1826 แถว)
2026-07-02 08:30:48,681 | INFO | 💾 บันทึกข้อมูล -> data/20260702_083048.csv
2026-07-02 08:30:49,181 | INFO | จำนวนข้อมูลทั้งหมด 1777 แถว
2026-07-02 08:30:49,181 | INFO | จำนวน Feature ทั้งหมด 21 คอลัมน์
2026-07-02 08:36:02,645 | INFO | เริ่มต้นโปรแกรม
2026-07-02 08:36:02,646 | INFO | กำลังโหลดข้อมูล BTC-USD
2026-07-02 08:36:03,702 | INFO | โหลดสำเร็จ (1826 แถว)
2026-07-02 08:36:03,714 | INFO | 💾 บันทึกข้อมูล -> data/20260702_083603.csv
2026-07-02 08:36:04,301 | INFO | จำนวนข้อมูลทั้งหมด 1777 แถว
2026-07-02 08:36:04,301 | INFO | จำนวน Feature ทั้งหมด 21 คอลัมน์
2026-07-02 08:41:03,171 | INFO | เริ่มต้นโปรแกรม
2026-07-02 08:41:03,171 | INFO | กำลังโหลดข้อมูล BTC-USD
2026-07-02 08:41:03,849 | INFO | โหลดสำเร็จ (1826 แถว)
2026-07-02 08:41:03,861 | INFO | 💾 บันทึกข้อมูล -> data/20260702_084103.csv
2026-07-02 08:41:04,189 | INFO | จำนวนข้อมูลทั้งหมด 1777 แถว
2026-07-02 08:41:04,189 | INFO | จำนวน Feature ทั้งหมด 21 คอลัมน์
2026-07-02 08:41:04,189 | INFO | >>> เข้า train_random_forest แล้ว <<<
2026-07-02 08:41:04,189 | INFO | เริ่ม Train Random Forest
2026-07-02 08:41:04,879 | INFO | Accuracy = 0.4438
2026-07-02 08:41:04,879 | INFO | AI Accuracy = 44.38%
2026-07-03 17:08:37,457 | INFO | เริ่มต้นโปรแกรม
2026-07-03 17:08:37,459 | INFO | กำลังโหลดข้อมูล BTC-USD
2026-07-03 17:08:38,722 | INFO | โหลดสำเร็จ (1827 แถว)
2026-07-03 17:08:38,740 | INFO | 💾 บันทึกข้อมูล -> data/20260703_170838.csv
2026-07-03 17:08:39,595 | INFO | จำนวนข้อมูลทั้งหมด 1778 แถว
2026-07-03 17:08:39,596 | INFO | จำนวน Feature ทั้งหมด 21 คอลัมน์
2026-07-03 17:08:39,596 | INFO | >>> เข้า train_random_forest แล้ว <<<
2026-07-03 17:08:39,596 | INFO | เริ่ม Train Random Forest
2026-07-03 17:08:40,327 | INFO | Accuracy = 0.4494
2026-07-03 17:08:40,327 | INFO | AI Accuracy = 44.94%
2026-07-03 17:14:30,665 | INFO | เริ่มต้นโปรแกรม
2026-07-03 17:14:30,666 | INFO | กำลังโหลดข้อมูล BTC-USD
2026-07-03 17:14:31,538 | INFO | โหลดสำเร็จ (1827 แถว)
2026-07-03 17:14:31,552 | INFO | 💾 บันทึกข้อมูล -> data/20260703_171431.csv
2026-07-03 17:14:32,176 | INFO | จำนวนข้อมูลทั้งหมด 1778 แถว
2026-07-03 17:14:32,177 | INFO | จำนวน Feature ทั้งหมด 21 คอลัมน์
2026-07-03 17:14:32,179 | INFO | >>> เข้า train_random_forest แล้ว <<<
2026-07-03 17:14:32,179 | INFO | เริ่ม Train Random Forest
2026-07-03 17:14:32,909 | INFO | Accuracy = 0.4494
2026-07-03 17:14:32,910 | INFO | AI Accuracy = 44.94%
2026-07-03 17:17:05,765 | INFO | เริ่มต้นโปรแกรม
2026-07-03 17:17:05,765 | INFO | กำลังโหลดข้อมูล BTC-USD
2026-07-03 17:17:06,515 | INFO | โหลดสำเร็จ (1827 แถว)
2026-07-03 17:17:06,526 | INFO | 💾 บันทึกข้อมูล -> data/20260703_171706.csv
2026-07-03 17:17:06,850 | INFO | จำนวนข้อมูลทั้งหมด 1778 แถว
2026-07-03 17:17:06,851 | INFO | จำนวน Feature ทั้งหมด 21 คอลัมน์
2026-07-03 17:17:06,851 | INFO | >>> เข้า train_random_forest แล้ว <<<
2026-07-03 17:17:06,851 | INFO | เริ่ม Train Random Forest
2026-07-03 17:17:07,591 | INFO | Accuracy = 0.4494
2026-07-03 17:17:07,652 | INFO | บันทึกโมเดล -> models/model.pkl
2026-07-03 17:17:07,652 | INFO | AI Accuracy = 44.94%
2026-07-03 18:35:58,314 | INFO | เริ่มต้นโปรแกรม
2026-07-03 18:35:58,315 | INFO | กำลังโหลดข้อมูล BTC-USD
2026-07-03 18:35:59,167 | INFO | โหลดสำเร็จ (1827 แถว)
2026-07-03 18:35:59,181 | INFO | 💾 บันทึกข้อมูล -> data/20260703_183559.csv
2026-07-03 18:36:00,013 | INFO | จำนวนข้อมูลทั้งหมด 1778 แถว
2026-07-03 18:36:00,017 | INFO | จำนวน Feature ทั้งหมด 21 คอลัมน์
2026-07-03 18:36:00,018 | INFO | เริ่ม AI Tournament
2026-07-03 18:36:00,022 | INFO | กำลัง Train Random Forest
2026-07-03 18:36:00,748 | INFO | กำลัง Train Gradient Boosting
2026-07-03 18:36:01,336 | INFO | กำลัง Train XGBoost
2026-07-03 18:36:01,542 | INFO | 
2026-07-03 18:36:01,542 | INFO | =============================================
2026-07-03 18:36:01,543 | INFO | 🏆 AI Leaderboard
2026-07-03 18:36:01,543 | INFO | =============================================
2026-07-03 18:36:01,543 | INFO | 1. Gradient Boosting   47.47%
2026-07-03 18:36:01,543 | INFO | 2. Random Forest       44.94%
2026-07-03 18:36:01,543 | INFO | 3. XGBoost             44.38%
2026-07-03 18:36:01,543 | INFO | =============================================
2026-07-03 18:36:01,544 | INFO | 🏆 Winner : Gradient Boosting
2026-07-03 18:36:01,552 | INFO | บันทึกโมเดล -> models/model.pkl
2026-07-03 18:46:55,065 | INFO | เริ่มต้นโปรแกรม
2026-07-03 18:46:55,066 | INFO | กำลังโหลดข้อมูล BTC-USD
2026-07-03 18:46:55,795 | INFO | โหลดสำเร็จ (1827 แถว)
2026-07-03 18:46:55,808 | INFO | 💾 บันทึกข้อมูล -> data/20260703_184655.csv
2026-07-03 18:46:56,238 | INFO | จำนวนข้อมูลทั้งหมด 1778 แถว
2026-07-03 18:46:56,238 | INFO | จำนวน Feature ทั้งหมด 21 คอลัมน์
2026-07-03 18:46:56,238 | INFO | เริ่ม AI Tournament
2026-07-03 18:46:56,240 | INFO | กำลัง Train Random Forest
2026-07-03 18:46:56,934 | INFO | กำลัง Train Gradient Boosting
2026-07-03 18:46:57,525 | INFO | กำลัง Train XGBoost
2026-07-03 18:46:57,704 | INFO | 
2026-07-03 18:46:57,704 | INFO | =============================================
2026-07-03 18:46:57,704 | INFO | 🏆 AI Leaderboard
2026-07-03 18:46:57,705 | INFO | =============================================
2026-07-03 18:46:57,705 | INFO | 1. Gradient Boosting   47.47%
2026-07-03 18:46:57,705 | INFO | 2. Random Forest       44.94%
2026-07-03 18:46:57,705 | INFO | 3. XGBoost             44.38%
2026-07-03 18:46:57,705 | INFO | =============================================
2026-07-03 18:46:57,705 | INFO | 🏆 Winner : Gradient Boosting
2026-07-03 18:46:57,713 | INFO | บันทึกโมเดล -> models/model.pkl
2026-07-03 18:46:57,736 | INFO | โหลดโมเดลสำเร็จ
2026-07-03 18:47:24,949 | INFO | เริ่มต้นโปรแกรม
2026-07-03 18:47:24,950 | INFO | กำลังโหลดข้อมูล BTC-USD
2026-07-03 18:47:25,588 | INFO | โหลดสำเร็จ (1827 แถว)
2026-07-03 18:47:25,601 | INFO | 💾 บันทึกข้อมูล -> data/20260703_184725.csv
2026-07-03 18:47:25,893 | INFO | จำนวนข้อมูลทั้งหมด 1778 แถว
2026-07-03 18:47:25,893 | INFO | จำนวน Feature ทั้งหมด 21 คอลัมน์
2026-07-03 18:47:25,893 | INFO | เริ่ม AI Tournament
2026-07-03 18:47:25,895 | INFO | กำลัง Train Random Forest
2026-07-03 18:47:26,582 | INFO | กำลัง Train Gradient Boosting
2026-07-03 18:47:27,139 | INFO | กำลัง Train XGBoost
2026-07-03 18:47:27,291 | INFO | 
2026-07-03 18:47:27,291 | INFO | =============================================
2026-07-03 18:47:27,291 | INFO | 🏆 AI Leaderboard
2026-07-03 18:47:27,291 | INFO | =============================================
2026-07-03 18:47:27,292 | INFO | 1. Gradient Boosting   47.47%
2026-07-03 18:47:27,292 | INFO | 2. Random Forest       44.94%
2026-07-03 18:47:27,292 | INFO | 3. XGBoost             44.38%
2026-07-03 18:47:27,292 | INFO | =============================================
2026-07-03 18:47:27,292 | INFO | 🏆 Winner : Gradient Boosting
2026-07-03 18:47:27,298 | INFO | บันทึกโมเดล -> models/model.pkl
2026-07-03 18:47:27,322 | INFO | โหลดโมเดลสำเร็จ
2026-07-03 18:54:25,301 | INFO | เริ่มต้นโปรแกรม
2026-07-03 18:54:25,301 | INFO | กำลังโหลดข้อมูล BTC-USD
2026-07-03 18:54:26,285 | INFO | โหลดสำเร็จ (1827 แถว)
2026-07-03 18:54:26,298 | INFO | 💾 บันทึกข้อมูล -> data/20260703_185426.csv
2026-07-03 18:54:26,735 | INFO | จำนวนข้อมูลทั้งหมด 1778 แถว
2026-07-03 18:54:26,735 | INFO | จำนวน Feature ทั้งหมด 21 คอลัมน์
2026-07-03 18:54:26,735 | INFO | เริ่ม AI Tournament
2026-07-03 18:54:26,737 | INFO | กำลัง Train Random Forest
2026-07-03 18:54:27,459 | INFO | กำลัง Train Gradient Boosting
2026-07-03 18:54:28,019 | INFO | กำลัง Train XGBoost
2026-07-03 18:54:28,192 | INFO | 
2026-07-03 18:54:28,192 | INFO | =============================================
2026-07-03 18:54:28,192 | INFO | 🏆 AI Leaderboard
2026-07-03 18:54:28,192 | INFO | =============================================
2026-07-03 18:54:28,192 | INFO | 1. Gradient Boosting   47.47%
2026-07-03 18:54:28,193 | INFO | 2. Random Forest       44.94%
2026-07-03 18:54:28,193 | INFO | 3. XGBoost             44.38%
2026-07-03 18:54:28,193 | INFO | =============================================
2026-07-03 18:54:28,193 | INFO | 🏆 Winner : Gradient Boosting
2026-07-03 18:54:28,200 | INFO | บันทึกโมเดล -> models/model.pkl
2026-07-03 18:54:28,276 | INFO | โหลดโมเดลสำเร็จ
2026-07-03 18:55:09,585 | INFO | เริ่มต้นโปรแกรม
2026-07-03 18:55:09,585 | INFO | กำลังโหลดข้อมูล BTC-USD
2026-07-03 18:55:10,333 | INFO | โหลดสำเร็จ (1827 แถว)
2026-07-03 18:55:10,344 | INFO | 💾 บันทึกข้อมูล -> data/20260703_185510.csv
2026-07-03 18:55:10,696 | INFO | จำนวนข้อมูลทั้งหมด 1778 แถว
2026-07-03 18:55:10,696 | INFO | จำนวน Feature ทั้งหมด 21 คอลัมน์
2026-07-03 18:55:10,697 | INFO | เริ่ม AI Tournament
2026-07-03 18:55:10,700 | INFO | กำลัง Train Random Forest
2026-07-03 18:55:11,368 | INFO | กำลัง Train Gradient Boosting
2026-07-03 18:55:11,958 | INFO | กำลัง Train XGBoost
2026-07-03 18:55:12,102 | INFO | 
2026-07-03 18:55:12,102 | INFO | =============================================
2026-07-03 18:55:12,102 | INFO | 🏆 AI Leaderboard
2026-07-03 18:55:12,102 | INFO | =============================================
2026-07-03 18:55:12,103 | INFO | 1. Gradient Boosting   47.47%
2026-07-03 18:55:12,103 | INFO | 2. Random Forest       44.94%
2026-07-03 18:55:12,103 | INFO | 3. XGBoost             44.38%
2026-07-03 18:55:12,103 | INFO | =============================================
2026-07-03 18:55:12,103 | INFO | 🏆 Winner : Gradient Boosting
2026-07-03 18:55:12,110 | INFO | บันทึกโมเดล -> models/model.pkl
2026-07-03 18:55:12,136 | INFO | โหลดโมเดลสำเร็จ
2026-07-03 18:55:12,141 | INFO | 
2026-07-03 18:55:12,141 | INFO | ========== Prediction ==========
2026-07-03 18:55:12,141 | INFO | Signal      : 🔴 SELL
2026-07-03 18:55:12,141 | INFO | Confidence  : 56.43%
2026-07-03 18:55:12,142 | INFO | ===============================
2026-07-03 19:01:50,621 | INFO | เริ่มต้นโปรแกรม
2026-07-03 19:01:50,622 | INFO | กำลังโหลดข้อมูล BTC-USD
2026-07-03 19:01:51,379 | INFO | โหลดสำเร็จ (1827 แถว)
2026-07-03 19:01:51,391 | INFO | 💾 บันทึกข้อมูล -> data/20260703_190151.csv
2026-07-03 19:01:51,883 | INFO | จำนวนข้อมูลทั้งหมด 1778 แถว
2026-07-03 19:01:51,883 | INFO | จำนวน Feature ทั้งหมด 21 คอลัมน์
2026-07-03 19:01:51,883 | INFO | เริ่ม AI Tournament
2026-07-03 19:01:51,886 | INFO | กำลัง Train Random Forest
2026-07-03 19:01:52,589 | INFO | กำลัง Train Gradient Boosting
2026-07-03 19:01:53,163 | INFO | กำลัง Train XGBoost
2026-07-03 19:01:53,348 | INFO | 
2026-07-03 19:01:53,348 | INFO | =============================================
2026-07-03 19:01:53,348 | INFO | 🏆 AI Leaderboard
2026-07-03 19:01:53,349 | INFO | =============================================
2026-07-03 19:01:53,349 | INFO | 1. Gradient Boosting   47.47%
2026-07-03 19:01:53,349 | INFO | 2. Random Forest       44.94%
2026-07-03 19:01:53,350 | INFO | 3. XGBoost             44.38%
2026-07-03 19:01:53,350 | INFO | =============================================
2026-07-03 19:01:53,350 | INFO | 🏆 Winner : Gradient Boosting
2026-07-03 19:01:53,357 | INFO | บันทึกโมเดล -> models/model.pkl
2026-07-03 19:01:53,387 | INFO | โหลดโมเดลสำเร็จ
2026-07-03 19:01:53,400 | INFO | 
2026-07-03 19:01:53,404 | INFO | ========== Prediction ==========
2026-07-03 19:01:53,405 | INFO | Signal      : 🔴 SELL
2026-07-03 19:01:53,405 | INFO | Confidence  : 56.43%
2026-07-03 19:01:53,405 | INFO | ===============================
2026-07-03 19:01:53,406 | INFO | สร้าง Strategy สำเร็จ
2026-07-03 20:04:34,552 | INFO | เริ่มต้นโปรแกรม
2026-07-03 20:04:34,553 | INFO | กำลังโหลดข้อมูล BTC-USD
2026-07-03 20:04:35,581 | INFO | โหลดสำเร็จ (1827 แถว)
2026-07-03 20:04:35,598 | INFO | 💾 บันทึกข้อมูล -> data/20260703_200435.csv
2026-07-03 20:04:36,408 | INFO | จำนวนข้อมูลทั้งหมด 1778 แถว
2026-07-03 20:04:36,409 | INFO | จำนวน Feature ทั้งหมด 21 คอลัมน์
2026-07-03 20:04:36,409 | INFO | เริ่ม AI Tournament
2026-07-03 20:04:36,415 | INFO | กำลัง Train Random Forest
2026-07-03 20:04:37,284 | INFO | กำลัง Train Gradient Boosting
2026-07-03 20:04:37,869 | INFO | กำลัง Train XGBoost
2026-07-03 20:04:38,044 | INFO | 
2026-07-03 20:04:38,046 | INFO | =============================================
2026-07-03 20:04:38,046 | INFO | 🏆 AI Leaderboard
2026-07-03 20:04:38,046 | INFO | =============================================
2026-07-03 20:04:38,046 | INFO | 1. Gradient Boosting   47.47%
2026-07-03 20:04:38,046 | INFO | 2. Random Forest       44.94%
2026-07-03 20:04:38,047 | INFO | 3. XGBoost             44.38%
2026-07-03 20:04:38,047 | INFO | =============================================
2026-07-03 20:04:38,047 | INFO | 🏆 Winner : Gradient Boosting
2026-07-03 20:04:38,054 | INFO | บันทึกโมเดล -> models/model.pkl
2026-07-03 20:04:38,080 | INFO | โหลดโมเดลสำเร็จ
2026-07-03 20:04:38,084 | INFO | 
2026-07-03 20:04:38,084 | INFO | ========== Prediction ==========
2026-07-03 20:04:38,084 | INFO | Signal      : 🔴 SELL
2026-07-03 20:04:38,084 | INFO | Confidence  : 56.43%
2026-07-03 20:04:38,086 | INFO | ===============================
2026-07-03 20:04:38,087 | INFO | สร้าง Strategy สำเร็จ
2026-07-03 20:04:38,087 | INFO | ผ่านระบบ Confidence Filter
2026-07-03 20:11:29,794 | INFO | เริ่มต้นโปรแกรม
2026-07-03 20:11:29,794 | INFO | กำลังโหลดข้อมูล BTC-USD
2026-07-03 20:11:30,858 | INFO | โหลดสำเร็จ (1827 แถว)
2026-07-03 20:11:30,872 | INFO | 💾 บันทึกข้อมูล -> data/20260703_201130.csv
2026-07-03 20:11:31,352 | INFO | จำนวนข้อมูลทั้งหมด 1778 แถว
2026-07-03 20:11:31,352 | INFO | จำนวน Feature ทั้งหมด 21 คอลัมน์
2026-07-03 20:11:31,352 | INFO | เริ่ม AI Tournament
2026-07-03 20:11:31,355 | INFO | กำลัง Train Random Forest
2026-07-03 20:11:32,059 | INFO | กำลัง Train Gradient Boosting
2026-07-03 20:11:32,632 | INFO | กำลัง Train XGBoost
2026-07-03 20:11:32,804 | INFO | 
2026-07-03 20:11:32,804 | INFO | =============================================
2026-07-03 20:11:32,804 | INFO | 🏆 AI Leaderboard
2026-07-03 20:11:32,804 | INFO | =============================================
2026-07-03 20:11:32,805 | INFO | 1. Gradient Boosting   47.47%
2026-07-03 20:11:32,805 | INFO | 2. Random Forest       44.94%
2026-07-03 20:11:32,805 | INFO | 3. XGBoost             44.38%
2026-07-03 20:11:32,805 | INFO | =============================================
2026-07-03 20:11:32,805 | INFO | 🏆 Winner : Gradient Boosting
2026-07-03 20:11:32,811 | INFO | บันทึกโมเดล -> models/model.pkl
2026-07-03 20:11:32,837 | INFO | โหลดโมเดลสำเร็จ
2026-07-03 20:11:32,842 | INFO | 
2026-07-03 20:11:32,842 | INFO | ========== Prediction ==========
2026-07-03 20:11:32,842 | INFO | Signal      : 🔴 SELL
2026-07-03 20:11:32,842 | INFO | Confidence  : 56.43%
2026-07-03 20:11:32,843 | INFO | ===============================
2026-07-03 20:11:32,843 | INFO | สร้าง Strategy สำเร็จ
2026-07-03 20:11:32,843 | INFO | ผ่านระบบ Confidence Filter
2026-07-03 20:14:18,205 | INFO | เริ่มต้นโปรแกรม
2026-07-03 20:14:18,205 | INFO | กำลังโหลดข้อมูล BTC-USD
2026-07-03 20:14:18,966 | INFO | โหลดสำเร็จ (1827 แถว)
2026-07-03 20:14:18,980 | INFO | 💾 บันทึกข้อมูล -> data/20260703_201418.csv
2026-07-03 20:14:19,313 | INFO | จำนวนข้อมูลทั้งหมด 1778 แถว
2026-07-03 20:14:19,314 | INFO | จำนวน Feature ทั้งหมด 21 คอลัมน์
2026-07-03 20:14:19,314 | INFO | เริ่ม AI Tournament
2026-07-03 20:14:19,317 | INFO | กำลัง Train Random Forest
2026-07-03 20:14:19,992 | INFO | กำลัง Train Gradient Boosting
2026-07-03 20:14:20,556 | INFO | กำลัง Train XGBoost
2026-07-03 20:14:20,710 | INFO | 
2026-07-03 20:14:20,710 | INFO | =============================================
2026-07-03 20:14:20,710 | INFO | 🏆 AI Leaderboard
2026-07-03 20:14:20,710 | INFO | =============================================
2026-07-03 20:14:20,710 | INFO | 1. Gradient Boosting   47.47%
2026-07-03 20:14:20,710 | INFO | 2. Random Forest       44.94%
2026-07-03 20:14:20,711 | INFO | 3. XGBoost             44.38%
2026-07-03 20:14:20,711 | INFO | =============================================
2026-07-03 20:14:20,711 | INFO | 🏆 Winner : Gradient Boosting
2026-07-03 20:14:20,717 | INFO | บันทึกโมเดล -> models/model.pkl
2026-07-03 20:14:20,741 | INFO | โหลดโมเดลสำเร็จ
2026-07-03 20:14:20,744 | INFO | 
2026-07-03 20:14:20,746 | INFO | ========== Prediction ==========
2026-07-03 20:14:20,746 | INFO | Signal      : 🔴 SELL
2026-07-03 20:14:20,746 | INFO | Confidence  : 56.43%
2026-07-03 20:14:20,746 | INFO | ===============================
2026-07-03 20:14:20,746 | INFO | สร้าง Strategy สำเร็จ
2026-07-03 20:14:20,747 | INFO | ผ่านระบบ Confidence Filter
2026-07-03 20:19:53,452 | INFO | เริ่มต้นโปรแกรม
2026-07-03 20:19:53,461 | INFO | กำลังโหลดข้อมูล BTC-USD
2026-07-03 20:19:54,644 | INFO | โหลดสำเร็จ (1827 แถว)
2026-07-03 20:19:54,657 | INFO | 💾 บันทึกข้อมูล -> data/20260703_201954.csv
2026-07-03 20:19:55,173 | INFO | จำนวนข้อมูลทั้งหมด 1778 แถว
2026-07-03 20:19:55,173 | INFO | จำนวน Feature ทั้งหมด 21 คอลัมน์
2026-07-03 20:19:55,174 | INFO | เริ่ม AI Tournament
2026-07-03 20:19:55,177 | INFO | กำลัง Train Random Forest
2026-07-03 20:19:55,867 | INFO | กำลัง Train Gradient Boosting
2026-07-03 20:19:56,432 | INFO | กำลัง Train XGBoost
2026-07-03 20:19:56,610 | INFO | 
2026-07-03 20:19:56,611 | INFO | =============================================
2026-07-03 20:19:56,611 | INFO | 🏆 AI Leaderboard
2026-07-03 20:19:56,611 | INFO | =============================================
2026-07-03 20:19:56,611 | INFO | 1. Gradient Boosting   47.47%
2026-07-03 20:19:56,611 | INFO | 2. Random Forest       44.94%
2026-07-03 20:19:56,612 | INFO | 3. XGBoost             44.38%
2026-07-03 20:19:56,612 | INFO | =============================================
2026-07-03 20:19:56,612 | INFO | 🏆 Winner : Gradient Boosting
2026-07-03 20:19:56,619 | INFO | บันทึกโมเดล -> models/model.pkl
2026-07-03 20:19:56,642 | INFO | โหลดโมเดลสำเร็จ
2026-07-03 20:19:56,646 | INFO | 
2026-07-03 20:19:56,646 | INFO | ========== Prediction ==========
2026-07-03 20:19:56,646 | INFO | Signal      : 🔴 SELL
2026-07-03 20:19:56,646 | INFO | Confidence  : 56.43%
2026-07-03 20:19:56,647 | INFO | ===============================
2026-07-03 20:19:56,648 | INFO | สร้าง Strategy สำเร็จ
2026-07-03 20:19:56,648 | INFO | ผ่านระบบ Confidence Filter
2026-07-03 20:29:53,197 | INFO | เริ่มต้นโปรแกรม
2026-07-03 20:29:53,198 | INFO | กำลังโหลดข้อมูล BTC-USD
2026-07-03 20:29:53,939 | INFO | โหลดสำเร็จ (1827 แถว)
2026-07-03 20:29:53,953 | INFO | 💾 บันทึกข้อมูล -> data/20260703_202953.csv
2026-07-03 20:29:54,557 | INFO | จำนวนข้อมูลทั้งหมด 1778 แถว
2026-07-03 20:29:54,557 | INFO | จำนวน Feature ทั้งหมด 21 คอลัมน์
2026-07-03 20:29:54,557 | INFO | เริ่ม AI Tournament
2026-07-03 20:29:54,561 | INFO | กำลัง Train Random Forest
2026-07-03 20:29:55,267 | INFO | กำลัง Train Gradient Boosting
2026-07-03 20:29:55,837 | INFO | กำลัง Train XGBoost
2026-07-03 20:29:55,992 | INFO | 
2026-07-03 20:29:55,992 | INFO | =============================================
2026-07-03 20:29:55,992 | INFO | 🏆 AI Leaderboard
2026-07-03 20:29:55,992 | INFO | =============================================
2026-07-03 20:29:55,993 | INFO | 1. Gradient Boosting   47.19%
2026-07-03 20:29:55,993 | INFO | 2. Random Forest       44.94%
2026-07-03 20:29:55,993 | INFO | 3. XGBoost             44.38%
2026-07-03 20:29:55,993 | INFO | =============================================
2026-07-03 20:29:55,993 | INFO | 🏆 Winner : Gradient Boosting
2026-07-03 20:29:56,002 | INFO | บันทึกโมเดล -> models/model.pkl
2026-07-03 20:29:56,027 | INFO | โหลดโมเดลสำเร็จ
2026-07-03 20:29:56,032 | INFO | 
2026-07-03 20:29:56,032 | INFO | ========== Prediction ==========
2026-07-03 20:29:56,032 | INFO | Signal      : 🟢 BUY
2026-07-03 20:29:56,033 | INFO | Confidence  : 53.21%
2026-07-03 20:29:56,033 | INFO | ===============================
2026-07-03 20:29:56,033 | INFO | Confidence Filter : ⚪ NO TRADE (53.21%)
2026-07-03 20:46:45,697 | INFO | เริ่มต้นโปรแกรม
2026-07-03 20:46:45,697 | INFO | กำลังโหลดข้อมูล BTC-USD
2026-07-03 20:46:46,578 | INFO | โหลดสำเร็จ (1827 แถว)
2026-07-03 20:46:46,596 | INFO | 💾 บันทึกข้อมูล -> data/20260703_204646.csv
2026-07-03 20:46:47,113 | INFO | จำนวนข้อมูลทั้งหมด 1778 แถว
2026-07-03 20:46:47,113 | INFO | จำนวน Feature ทั้งหมด 21 คอลัมน์
2026-07-03 20:46:47,121 | INFO | โหลดโมเดลสำเร็จ
2026-07-03 20:46:47,153 | INFO | 
2026-07-03 20:46:47,153 | INFO | ========== Prediction ==========
2026-07-03 20:46:47,153 | INFO | Signal      : 🟢 BUY
2026-07-03 20:46:47,154 | INFO | Confidence  : 53.21%
2026-07-03 20:46:47,154 | INFO | ===============================
2026-07-03 20:46:47,154 | INFO | Confidence Filter : ⚪ NO TRADE (53.21%)
2026-07-03 20:50:28,268 | INFO | เริ่มต้นโปรแกรม
2026-07-03 20:50:28,269 | INFO | กำลังโหลดข้อมูล BTC-USD
2026-07-03 20:50:29,055 | INFO | โหลดสำเร็จ (1827 แถว)
2026-07-03 20:50:29,069 | INFO | 💾 บันทึกข้อมูล -> data/20260703_205029.csv
2026-07-03 20:50:29,592 | INFO | จำนวนข้อมูลทั้งหมด 1778 แถว
2026-07-03 20:50:29,592 | INFO | จำนวน Feature ทั้งหมด 21 คอลัมน์
2026-07-03 20:50:29,598 | INFO | โหลดโมเดลสำเร็จ
2026-07-03 20:50:29,625 | INFO | 
2026-07-03 20:50:29,625 | INFO | ========== Prediction ==========
2026-07-03 20:50:29,625 | INFO | Signal      : 🟢 BUY
2026-07-03 20:50:29,625 | INFO | Confidence  : 53.21%
2026-07-03 20:50:29,626 | INFO | ===============================
2026-07-03 20:50:29,626 | INFO | Confidence Filter : ⚪ NO TRADE (53.21%)
2026-07-03 20:53:42,059 | INFO | เริ่มต้นโปรแกรม
2026-07-03 20:53:42,060 | INFO | กำลังโหลดข้อมูล BTC-USD
2026-07-03 20:53:42,831 | INFO | โหลดสำเร็จ (1827 แถว)
2026-07-03 20:53:42,844 | INFO | 💾 บันทึกข้อมูล -> data/20260703_205342.csv
2026-07-03 20:53:43,353 | INFO | จำนวนข้อมูลทั้งหมด 1778 แถว
2026-07-03 20:53:43,353 | INFO | จำนวน Feature ทั้งหมด 21 คอลัมน์
2026-07-03 20:53:43,362 | INFO | โหลดโมเดลสำเร็จ
2026-07-03 20:53:43,389 | INFO | 
2026-07-03 20:53:43,391 | INFO | ========== Prediction ==========
2026-07-03 20:53:43,391 | INFO | Signal      : 🟢 BUY
2026-07-03 20:53:43,391 | INFO | Confidence  : 55.15%
2026-07-03 20:53:43,391 | INFO | ===============================
2026-07-03 20:53:43,391 | INFO | Confidence Filter : ⚪ NO TRADE (55.15%)
2026-07-03 20:59:12,222 | INFO | เริ่มต้นโปรแกรม
2026-07-03 20:59:12,223 | INFO | กำลังโหลดข้อมูล BTC-USD
2026-07-03 20:59:12,970 | INFO | โหลดสำเร็จ (1827 แถว)
2026-07-03 20:59:12,983 | INFO | 💾 บันทึกข้อมูล -> data/20260703_205912.csv
2026-07-03 20:59:13,513 | INFO | จำนวนข้อมูลทั้งหมด 1778 แถว
2026-07-03 20:59:13,514 | INFO | จำนวน Feature ทั้งหมด 21 คอลัมน์
2026-07-03 20:59:13,520 | INFO | โหลดโมเดลสำเร็จ
2026-07-03 20:59:13,546 | INFO | 
2026-07-03 20:59:13,546 | INFO | ========== Prediction ==========
2026-07-03 20:59:13,546 | INFO | Signal      : 🟢 BUY
2026-07-03 20:59:13,546 | INFO | Confidence  : 53.21%
2026-07-03 20:59:13,546 | INFO | ===============================
2026-07-03 20:59:13,547 | INFO | Confidence Filter : ⚪ NO TRADE (53.21%)
2026-07-03 20:59:13,547 | INFO | ไม่สร้าง Strategy
2026-07-03 21:10:49,365 | INFO | เริ่มต้นโปรแกรม
2026-07-03 21:10:49,367 | INFO | กำลังโหลดข้อมูล BTC-USD
2026-07-03 21:10:50,337 | INFO | โหลดสำเร็จ (1827 แถว)
2026-07-03 21:10:50,354 | INFO | 💾 บันทึกข้อมูล -> data/20260703_211050.csv
2026-07-03 21:10:51,131 | INFO | จำนวนข้อมูลทั้งหมด 1778 แถว
2026-07-03 21:10:51,131 | INFO | จำนวน Feature ทั้งหมด 21 คอลัมน์
2026-07-03 21:10:51,141 | INFO | โหลดโมเดลสำเร็จ
2026-07-03 21:10:51,201 | INFO | 
2026-07-03 21:10:51,202 | INFO | ========== Prediction ==========
2026-07-03 21:10:51,202 | INFO | Signal      : 🔴 SELL
2026-07-03 21:10:51,202 | INFO | Confidence  : 56.43%
2026-07-03 21:10:51,202 | INFO | ===============================
2026-07-03 21:10:51,202 | INFO | Confidence Filter : ⚪ NO TRADE (56.43%)
2026-07-03 21:10:51,202 | INFO | ไม่สร้าง Strategy
2026-07-03 21:17:12,561 | INFO | เริ่มต้นโปรแกรม
2026-07-03 21:17:12,562 | INFO | กำลังโหลดข้อมูล BTC-USD
2026-07-03 21:17:13,705 | INFO | โหลดสำเร็จ (1827 แถว)
2026-07-03 21:17:13,718 | INFO | 💾 บันทึกข้อมูล -> data/20260703_211713.csv
2026-07-03 21:17:14,239 | INFO | จำนวนข้อมูลทั้งหมด 1778 แถว
2026-07-03 21:17:14,240 | INFO | จำนวน Feature ทั้งหมด 21 คอลัมน์
2026-07-03 21:17:14,247 | INFO | โหลดโมเดลสำเร็จ
2026-07-03 21:17:14,273 | INFO | 
2026-07-03 21:17:14,273 | INFO | ========== Prediction ==========
2026-07-03 21:17:14,274 | INFO | Signal      : 🔴 SELL
2026-07-03 21:17:14,274 | INFO | Confidence  : 56.43%
2026-07-03 21:17:14,274 | INFO | ===============================
2026-07-03 21:17:14,274 | INFO | Confidence Filter : ⚪ NO TRADE (56.43%)
2026-07-03 21:17:14,275 | INFO | ไม่สร้าง Strategy
2026-07-03 21:21:00,896 | INFO | เริ่มต้นโปรแกรม
2026-07-03 21:21:00,897 | INFO | กำลังโหลดข้อมูล BTC-USD
2026-07-03 21:21:01,594 | INFO | โหลดสำเร็จ (1827 แถว)
2026-07-03 21:21:01,610 | INFO | 💾 บันทึกข้อมูล -> data/20260703_212101.csv
2026-07-03 21:21:02,187 | INFO | จำนวนข้อมูลทั้งหมด 1778 แถว
2026-07-03 21:21:02,187 | INFO | จำนวน Feature ทั้งหมด 21 คอลัมน์
2026-07-03 21:21:02,196 | INFO | โหลดโมเดลสำเร็จ
2026-07-03 21:21:02,227 | INFO | 
2026-07-03 21:21:02,227 | INFO | ========== Prediction ==========
2026-07-03 21:21:02,227 | INFO | Signal      : 🔴 SELL
2026-07-03 21:21:02,227 | INFO | Confidence  : 56.43%
2026-07-03 21:21:02,227 | INFO | ===============================
2026-07-03 21:21:02,228 | INFO | Confidence Filter : ⚪ NO TRADE (56.43%)
2026-07-03 21:21:02,228 | INFO | ไม่สร้าง Strategy
2026-07-03 21:22:12,923 | INFO | เริ่มต้นโปรแกรม
2026-07-03 21:22:12,925 | INFO | กำลังโหลดข้อมูล BTC-USD
2026-07-03 21:22:13,729 | INFO | โหลดสำเร็จ (1827 แถว)
2026-07-03 21:22:13,744 | INFO | 💾 บันทึกข้อมูล -> data/20260703_212213.csv
2026-07-03 21:22:14,243 | INFO | จำนวนข้อมูลทั้งหมด 1778 แถว
2026-07-03 21:22:14,244 | INFO | จำนวน Feature ทั้งหมด 21 คอลัมน์
2026-07-03 21:22:14,251 | INFO | โหลดโมเดลสำเร็จ
2026-07-03 21:22:14,281 | INFO | 
2026-07-03 21:22:14,281 | INFO | ========== Prediction ==========
2026-07-03 21:22:14,282 | INFO | Signal      : 🔴 SELL
2026-07-03 21:22:14,282 | INFO | Confidence  : 56.43%
2026-07-03 21:22:14,282 | INFO | ===============================
2026-07-03 21:22:14,282 | INFO | Confidence Filter : ⚪ NO TRADE (56.43%)
2026-07-03 21:22:14,283 | INFO | ไม่สร้าง Strategy
2026-07-03 21:26:49,454 | INFO | เริ่มต้นโปรแกรม
2026-07-03 21:26:49,455 | INFO | กำลังโหลดข้อมูล BTC-USD
2026-07-03 21:26:50,168 | INFO | โหลดสำเร็จ (1827 แถว)
2026-07-03 21:26:50,182 | INFO | 💾 บันทึกข้อมูล -> data/20260703_212650.csv
2026-07-03 21:26:50,786 | INFO | จำนวนข้อมูลทั้งหมด 1778 แถว
2026-07-03 21:26:50,786 | INFO | จำนวน Feature ทั้งหมด 21 คอลัมน์
2026-07-03 21:26:50,792 | INFO | โหลดโมเดลสำเร็จ
2026-07-03 21:26:50,820 | INFO | 
2026-07-03 21:26:50,820 | INFO | ========== Prediction ==========
2026-07-03 21:26:50,821 | INFO | Signal      : 🔴 SELL
2026-07-03 21:26:50,821 | INFO | Confidence  : 56.43%
2026-07-03 21:26:50,821 | INFO | ===============================
2026-07-03 21:26:50,821 | INFO | Confidence Filter : ⚪ NO TRADE (56.43%)
2026-07-03 21:26:50,821 | INFO | ไม่สร้าง Strategy
2026-07-03 21:32:33,271 | INFO | เริ่มต้นโปรแกรม
2026-07-03 21:32:33,273 | INFO | กำลังโหลดข้อมูล BTC-USD
2026-07-03 21:32:34,032 | INFO | โหลดสำเร็จ (1827 แถว)
2026-07-03 21:32:34,047 | INFO | 💾 บันทึกข้อมูล -> data/20260703_213234.csv
2026-07-03 21:32:34,594 | INFO | จำนวนข้อมูลทั้งหมด 1778 แถว
2026-07-03 21:32:34,595 | INFO | จำนวน Feature ทั้งหมด 21 คอลัมน์
2026-07-03 21:32:34,602 | INFO | โหลดโมเดลสำเร็จ
2026-07-03 21:32:34,640 | INFO | 
2026-07-03 21:32:34,640 | INFO | ========== Prediction ==========
2026-07-03 21:32:34,640 | INFO | Signal      : 🔴 SELL
2026-07-03 21:32:34,640 | INFO | Confidence  : 56.43%
2026-07-03 21:32:34,640 | INFO | ===============================
2026-07-03 21:32:34,640 | INFO | Confidence Filter : ⚪ NO TRADE (56.43%)
2026-07-03 21:32:34,641 | INFO | ไม่สร้าง Strategy
2026-07-03 21:32:34,641 | WARNING | ไม่พบ Discord Webhook
2026-07-03 21:35:55,239 | INFO | เริ่มต้นโปรแกรม
2026-07-03 21:35:55,240 | INFO | กำลังโหลดข้อมูล BTC-USD
2026-07-03 21:35:55,969 | INFO | โหลดสำเร็จ (1827 แถว)
2026-07-03 21:35:55,983 | INFO | 💾 บันทึกข้อมูล -> data/20260703_213555.csv
2026-07-03 21:35:56,501 | INFO | จำนวนข้อมูลทั้งหมด 1778 แถว
2026-07-03 21:35:56,502 | INFO | จำนวน Feature ทั้งหมด 21 คอลัมน์
2026-07-03 21:35:56,507 | INFO | โหลดโมเดลสำเร็จ
2026-07-03 21:35:56,533 | INFO | 
2026-07-03 21:35:56,533 | INFO | ========== Prediction ==========
2026-07-03 21:35:56,533 | INFO | Signal      : 🔴 SELL
2026-07-03 21:35:56,533 | INFO | Confidence  : 56.43%
2026-07-03 21:35:56,534 | INFO | ===============================
2026-07-03 21:35:56,534 | INFO | Confidence Filter : ⚪ NO TRADE (56.43%)
2026-07-03 21:35:56,534 | INFO | ไม่สร้าง Strategy
2026-07-03 21:35:56,534 | WARNING | ไม่พบ Discord Webhook
2026-07-03 21:37:14,116 | INFO | เริ่มต้นโปรแกรม
2026-07-03 21:37:14,118 | INFO | กำลังโหลดข้อมูล BTC-USD
2026-07-03 21:37:14,832 | INFO | โหลดสำเร็จ (1827 แถว)
2026-07-03 21:37:14,846 | INFO | 💾 บันทึกข้อมูล -> data/20260703_213714.csv
2026-07-03 21:37:15,416 | INFO | จำนวนข้อมูลทั้งหมด 1778 แถว
2026-07-03 21:37:15,417 | INFO | จำนวน Feature ทั้งหมด 21 คอลัมน์
2026-07-03 21:37:15,422 | INFO | โหลดโมเดลสำเร็จ
2026-07-03 21:37:15,454 | INFO | 
2026-07-03 21:37:15,454 | INFO | ========== Prediction ==========
2026-07-03 21:37:15,454 | INFO | Signal      : 🔴 SELL
2026-07-03 21:37:15,455 | INFO | Confidence  : 56.43%
2026-07-03 21:37:15,455 | INFO | ===============================
2026-07-03 21:37:15,455 | INFO | Confidence Filter : ⚪ NO TRADE (56.43%)
2026-07-03 21:37:15,456 | INFO | ไม่สร้าง Strategy
2026-07-03 21:37:16,542 | INFO | ส่ง Discord สำเร็จ
2026-07-05 12:03:12,987 | INFO | เริ่ม Backtest
2026-07-05 12:03:12,989 | INFO | กำลังโหลดข้อมูล BTC-USD
2026-07-05 12:03:14,138 | INFO | โหลดสำเร็จ (1826 แถว)
2026-07-05 12:03:14,162 | INFO | 💾 บันทึกข้อมูล -> data/20260705_120314.csv
2026-07-05 12:03:23,314 | INFO | โหลดโมเดลสำเร็จ
2026-07-05 12:12:20,042 | INFO | เริ่ม Backtest
2026-07-05 12:12:20,042 | INFO | กำลังโหลดข้อมูล BTC-USD
2026-07-05 12:12:21,088 | INFO | โหลดสำเร็จ (1826 แถว)
2026-07-05 12:12:21,100 | INFO | 💾 บันทึกข้อมูล -> data/20260705_121221.csv
2026-07-05 12:12:23,408 | INFO | โหลดโมเดลสำเร็จ
2026-07-05 12:18:42,449 | INFO | เริ่ม Backtest
2026-07-05 12:18:42,450 | INFO | กำลังโหลดข้อมูล BTC-USD
2026-07-05 12:18:43,146 | INFO | โหลดสำเร็จ (1826 แถว)
2026-07-05 12:18:43,159 | INFO | 💾 บันทึกข้อมูล -> data/20260705_121843.csv
2026-07-05 12:18:45,032 | INFO | โหลดโมเดลสำเร็จ
2026-07-05 12:19:11,274 | INFO | เริ่ม Backtest
2026-07-05 12:19:11,274 | INFO | กำลังโหลดข้อมูล BTC-USD
2026-07-05 12:19:11,903 | INFO | โหลดสำเร็จ (1826 แถว)
2026-07-05 12:19:11,924 | INFO | 💾 บันทึกข้อมูล -> data/20260705_121911.csv
2026-07-05 12:19:13,559 | INFO | โหลดโมเดลสำเร็จ
2026-07-05 12:22:35,273 | INFO | เริ่ม Backtest
2026-07-05 12:22:35,273 | INFO | กำลังโหลดข้อมูล BTC-USD
2026-07-05 12:22:35,982 | INFO | โหลดสำเร็จ (1826 แถว)
2026-07-05 12:22:35,998 | INFO | 💾 บันทึกข้อมูล -> data/20260705_122235.csv
2026-07-05 12:22:37,758 | INFO | โหลดโมเดลสำเร็จ
2026-07-05 12:25:20,057 | INFO | เริ่ม Backtest
2026-07-05 12:25:20,058 | INFO | กำลังโหลดข้อมูล BTC-USD
2026-07-05 12:25:20,693 | INFO | โหลดสำเร็จ (1826 แถว)
2026-07-05 12:25:20,706 | INFO | 💾 บันทึกข้อมูล -> data/20260705_122520.csv
2026-07-05 12:25:22,351 | INFO | โหลดโมเดลสำเร็จ
2026-07-05 12:25:54,429 | INFO | เริ่ม Backtest
2026-07-05 12:25:54,429 | INFO | กำลังโหลดข้อมูล BTC-USD
2026-07-05 12:25:55,054 | INFO | โหลดสำเร็จ (1826 แถว)
2026-07-05 12:25:55,066 | INFO | 💾 บันทึกข้อมูล -> data/20260705_122555.csv
2026-07-05 12:25:56,724 | INFO | โหลดโมเดลสำเร็จ
2026-07-05 12:26:13,544 | INFO | เริ่ม Backtest
2026-07-05 12:26:13,544 | INFO | กำลังโหลดข้อมูล BTC-USD
2026-07-05 12:26:14,207 | INFO | โหลดสำเร็จ (1826 แถว)
2026-07-05 12:26:14,227 | INFO | 💾 บันทึกข้อมูล -> data/20260705_122614.csv
2026-07-05 12:26:16,048 | INFO | โหลดโมเดลสำเร็จ
2026-07-05 12:29:19,177 | INFO | เริ่ม Backtest
2026-07-05 12:29:19,177 | INFO | กำลังโหลดข้อมูล BTC-USD
2026-07-05 12:29:19,870 | INFO | โหลดสำเร็จ (1826 แถว)
2026-07-05 12:29:19,882 | INFO | 💾 บันทึกข้อมูล -> data/20260705_122919.csv
2026-07-05 12:29:21,746 | INFO | โหลดโมเดลสำเร็จ
2026-07-05 13:32:46,698 | INFO | เริ่ม Backtest
2026-07-05 13:32:46,699 | INFO | กำลังโหลดข้อมูล BTC-USD
2026-07-05 13:32:47,980 | INFO | โหลดสำเร็จ (1826 แถว)
2026-07-05 13:32:47,993 | INFO | 💾 บันทึกข้อมูล -> data/20260705_133247.csv
2026-07-05 13:32:50,773 | INFO | โหลดโมเดลสำเร็จ
2026-07-05 13:39:33,430 | INFO | เริ่ม Backtest
2026-07-05 13:39:33,430 | INFO | กำลังโหลดข้อมูล BTC-USD
2026-07-05 13:39:34,219 | INFO | โหลดสำเร็จ (1826 แถว)
2026-07-05 13:39:34,232 | INFO | 💾 บันทึกข้อมูล -> data/20260705_133934.csv
2026-07-05 13:39:35,931 | INFO | โหลดโมเดลสำเร็จ
2026-07-05 13:40:44,000 | INFO | เริ่ม Backtest
2026-07-05 13:40:44,000 | INFO | กำลังโหลดข้อมูล BTC-USD
2026-07-05 13:40:44,699 | INFO | โหลดสำเร็จ (1826 แถว)
2026-07-05 13:40:44,724 | INFO | 💾 บันทึกข้อมูล -> data/20260705_134044.csv
2026-07-05 13:40:45,138 | INFO | ข้อมูลทั้งหมด : 1777 แถว
2026-07-05 13:40:46,426 | INFO | โหลดโมเดลสำเร็จ
2026-07-05 13:54:31,999 | INFO | เริ่ม Backtest
2026-07-05 13:54:32,001 | INFO | กำลังโหลดข้อมูล BTC-USD
2026-07-05 13:54:32,916 | INFO | โหลดสำเร็จ (1826 แถว)
2026-07-05 13:54:32,931 | INFO | 💾 บันทึกข้อมูล -> data/20260705_135432.csv
2026-07-05 13:54:33,586 | INFO | ข้อมูลทั้งหมด : 1777 แถว
2026-07-05 13:54:35,100 | INFO | โหลดโมเดลสำเร็จ
2026-07-05 13:54:37,910 | INFO | Export trade_history.csv สำเร็จ
2026-07-05 13:59:52,102 | INFO | เริ่ม Backtest
2026-07-05 13:59:52,102 | INFO | กำลังโหลดข้อมูล BTC-USD
2026-07-05 13:59:52,947 | INFO | โหลดสำเร็จ (1826 แถว)
2026-07-05 13:59:52,962 | INFO | 💾 บันทึกข้อมูล -> data/20260705_135952.csv
2026-07-05 13:59:53,407 | INFO | ข้อมูลทั้งหมด : 1777 แถว
2026-07-05 13:59:54,572 | INFO | โหลดโมเดลสำเร็จ
2026-07-05 13:59:57,418 | INFO | Export trade_history.csv สำเร็จ
2026-07-05 13:59:58,827 | INFO | Export equity_curve.png สำเร็จ
2026-07-05 15:46:39,089 | INFO | ========== TRAIN MODEL ==========
2026-07-05 15:46:39,090 | INFO | กำลังโหลดข้อมูล BTC-USD
2026-07-05 15:46:39,938 | INFO | โหลดสำเร็จ (1826 แถว)
2026-07-05 15:46:39,952 | INFO | 💾 บันทึกข้อมูล -> data/20260705_154639.csv
2026-07-05 15:46:40,469 | INFO | ข้อมูลทั้งหมด 1777 แถว
2026-07-05 15:46:40,469 | INFO | เริ่ม AI Tournament
2026-07-05 15:46:40,472 | INFO | กำลัง Train Random Forest
2026-07-05 15:46:41,160 | INFO | กำลัง Train Gradient Boosting
2026-07-05 15:46:41,752 | INFO | กำลัง Train XGBoost
2026-07-05 15:46:41,909 | INFO | 
2026-07-05 15:46:41,910 | INFO | =============================================
2026-07-05 15:46:41,910 | INFO | 🏆 AI Leaderboard
2026-07-05 15:46:41,910 | INFO | =============================================
2026-07-05 15:46:41,910 | INFO | 1. Random Forest       48.03%
2026-07-05 15:46:41,910 | INFO | 2. Gradient Boosting   46.63%
2026-07-05 15:46:41,911 | INFO | 3. XGBoost             46.07%
2026-07-05 15:46:41,911 | INFO | =============================================
2026-07-05 15:46:41,911 | INFO | 🏆 Winner : Random Forest
2026-07-05 15:46:41,995 | INFO | บันทึกโมเดล -> models/model.pkl
